<?xml version="1.0" encoding="UTF-8"?>
<!-- Generated by org.testng.reporters.JUnitReportReporter -->
<testsuite skipped="0" hostname="LAPTOP-APTB5EAR" name="testcases.TC006_MergeLead" tests="2" failures="0" timestamp="17 Feb 2018 15:47:00 GMT" time="64.091" errors="0">
  <testcase name="deleteLead" time="32.699" classname="testcases.TC006_MergeLead"/>
  <testcase name="deleteLead" time="31.392" classname="testcases.TC006_MergeLead"/>
</testsuite> <!-- testcases.TC006_MergeLead -->
