<?xml version="1.0" encoding="UTF-8"?>
<!-- Generated by org.testng.reporters.JUnitReportReporter -->
<testsuite skipped="0" hostname="LAPTOP-APTB5EAR" name="testcases.TC002_CreateLead" tests="2" failures="0" timestamp="25 Feb 2018 04:56:39 GMT" time="31.980" errors="0">
  <testcase name="createLead" time="15.387" classname="testcases.TC002_CreateLead"/>
  <testcase name="createLead" time="16.593" classname="testcases.TC002_CreateLead"/>
</testsuite> <!-- testcases.TC002_CreateLead -->
