<?xml version="1.0" encoding="UTF-8"?>
<!-- Generated by org.testng.reporters.JUnitReportReporter -->
<testsuite skipped="0" hostname="LAPTOP-APTB5EAR" name="testcases.TC_005_DuplicateLead" tests="2" failures="0" timestamp="17 Feb 2018 15:11:24 GMT" time="51.097" errors="0">
  <testcase name="duplicateLead" time="23.901" classname="testcases.TC_005_DuplicateLead"/>
  <testcase name="duplicateLead" time="27.196" classname="testcases.TC_005_DuplicateLead"/>
</testsuite> <!-- testcases.TC_005_DuplicateLead -->
