<?xml version="1.0" encoding="UTF-8"?>
<!-- Generated by org.testng.reporters.JUnitReportReporter -->
<testsuite skipped="0" hostname="LAPTOP-APTB5EAR" name="testcases.TC004_DeleteLead" tests="1" failures="0" timestamp="17 Feb 2018 13:41:26 GMT" time="24.803" errors="0">
  <testcase name="createLead" time="24.803" classname="testcases.TC004_DeleteLead"/>
</testsuite> <!-- testcases.TC004_DeleteLead -->
