<?xml version="1.0" encoding="UTF-8"?>
<!-- Generated by org.testng.reporters.JUnitReportReporter -->
<testsuite skipped="0" hostname="LAPTOP-APTB5EAR" name="testcases.TC003_EditLead" tests="2" failures="0" timestamp="17 Feb 2018 14:37:13 GMT" time="38.506" errors="0">
  <testcase name="createLead" time="18.400" classname="testcases.TC003_EditLead"/>
  <testcase name="createLead" time="20.106" classname="testcases.TC003_EditLead"/>
</testsuite> <!-- testcases.TC003_EditLead -->
