<?xml version="1.0" encoding="UTF-8"?>
<!-- Generated by org.testng.reporters.JUnitReportReporter -->
<testsuite skipped="0" hostname="LAPTOP-APTB5EAR" name="testcases.TC002_CreateLead" tests="2" failures="0" timestamp="25 Feb 2018 05:12:08 GMT" time="33.247" errors="0">
  <testcase name="createLead" time="16.563" classname="testcases.TC002_CreateLead"/>
  <testcase name="createLead" time="16.684" classname="testcases.TC002_CreateLead"/>
</testsuite> <!-- testcases.TC002_CreateLead -->
